0 info it worked if it ends with ok
1 verbose cli [ 'node',
1 verbose cli   '/usr/local/bin/npm',
1 verbose cli   'install',
1 verbose cli   '-g',
1 verbose cli   'ios-deploy@1.7.0' ]
2 info using npm@3.3.5
3 info using node@v0.12.4
4 silly loadCurrentTree Starting
5 silly install loadCurrentTree
6 silly install readGlobalPackageData
7 silly fetchPackageMetaData ios-deploy@1.7.0
8 silly fetchNamedPackageData ios-deploy
9 silly mapToRegistry name ios-deploy
10 silly mapToRegistry using default registry
11 silly mapToRegistry registry https://registry.npmjs.org/
12 silly mapToRegistry uri https://registry.npmjs.org/ios-deploy
13 verbose get https://registry.npmjs.org/ios-deploy not expired, no request
14 silly install normalizeTree
15 silly loadCurrentTree Finishing
16 silly loadIdealTree Starting
17 silly install loadIdealTree
18 silly cloneCurrentTree Starting
19 silly install cloneCurrentTreeToIdealTree
20 silly cloneCurrentTree Finishing
21 silly loadShrinkwrap Starting
22 silly install loadShrinkwrap
23 silly loadShrinkwrap Finishing
24 silly loadAllDepsIntoIdealTree Starting
25 silly install loadAllDepsIntoIdealTree
26 silly resolveWithNewModule ios-deploy@1.7.0 checking installable status
27 silly cache add args [ 'ios-deploy@1.7.0', null ]
28 verbose cache add spec ios-deploy@1.7.0
29 silly cache add parsed spec { raw: 'ios-deploy@1.7.0',
29 silly cache add   scope: null,
29 silly cache add   name: 'ios-deploy',
29 silly cache add   rawSpec: '1.7.0',
29 silly cache add   spec: '1.7.0',
29 silly cache add   type: 'version' }
30 silly addNamed ios-deploy@1.7.0
31 verbose addNamed "1.7.0" is a plain semver version for ios-deploy
32 silly mapToRegistry name ios-deploy
33 silly mapToRegistry using default registry
34 silly mapToRegistry registry https://registry.npmjs.org/
35 silly mapToRegistry uri https://registry.npmjs.org/ios-deploy
36 verbose addNameVersion registry:https://registry.npmjs.org/ios-deploy not in flight; fetching
37 verbose get https://registry.npmjs.org/ios-deploy not expired, no request
38 silly mapToRegistry name ios-deploy
39 silly mapToRegistry using default registry
40 silly mapToRegistry registry https://registry.npmjs.org/
41 silly mapToRegistry uri https://registry.npmjs.org/ios-deploy
42 verbose addRemoteTarball https://registry.npmjs.org/ios-deploy/-/ios-deploy-1.7.0.tgz not in flight; adding
43 verbose addRemoteTarball [ 'https://registry.npmjs.org/ios-deploy/-/ios-deploy-1.7.0.tgz',
43 verbose addRemoteTarball   '8dfbce5c23ea74e77cb12870b2e72a3af8e1db91' ]
44 info retry fetch attempt 1 at 23:15:00
45 info attempt registry request try #1 at 23:15:00
46 http fetch GET https://registry.npmjs.org/ios-deploy/-/ios-deploy-1.7.0.tgz
47 verbose request id 89eaf6db407169d9
48 http fetch 200 https://registry.npmjs.org/ios-deploy/-/ios-deploy-1.7.0.tgz
49 silly fetchAndShaCheck shasum 8dfbce5c23ea74e77cb12870b2e72a3af8e1db91
50 verbose addTmpTarball /tmp/npm-4296-f09231b5/registry.npmjs.org/ios-deploy/-/ios-deploy-1.7.0.tgz not in flight; adding
51 verbose addTmpTarball already have metadata; skipping unpack for ios-deploy@1.7.0
52 silly cache afterAdd ios-deploy@1.7.0
53 verbose afterAdd /Users/leo/.npm/ios-deploy/1.7.0/package/package.json not in flight; writing
54 verbose afterAdd /Users/leo/.npm/ios-deploy/1.7.0/package/package.json written
55 silly loadAllDepsIntoIdealTree Finishing
56 silly idealTree:prePrune /usr/local/lib
56 silly idealTree:prePrune └── ios-deploy@1.7.0
57 silly loadIdealTree Finishing
58 silly currentTree /usr/local/lib
59 silly idealTree /usr/local/lib
59 silly idealTree └── ios-deploy@1.7.0
60 silly generateActionsToTake Starting
61 silly install generateActionsToTake
62 silly generateActionsToTake Finishing
63 silly diffTrees action count 1
64 silly diffTrees add ios-deploy@1.7.0
65 silly decomposeActions action count 8
66 silly decomposeActions fetch ios-deploy@1.7.0
67 silly decomposeActions extract ios-deploy@1.7.0
68 silly decomposeActions preinstall ios-deploy@1.7.0
69 silly decomposeActions build ios-deploy@1.7.0
70 silly decomposeActions install ios-deploy@1.7.0
71 silly decomposeActions postinstall ios-deploy@1.7.0
72 silly decomposeActions test ios-deploy@1.7.0
73 silly decomposeActions finalize ios-deploy@1.7.0
74 silly executeActions Starting
75 silly install executeActions
76 silly doSerial global-install 0
77 silly doParallel fetch 1
78 verbose lock using /Users/leo/.npm/_locks/staging-3a08f0df5026584d.lock for /usr/local/lib/node_modules/.staging
79 silly doParallel extract 1
80 silly extract ios-deploy
81 verbose unbuild lib/node_modules/.staging/ios-deploy-fbfd9f76b9a8909271fae167aab47715
82 silly gentlyRm /usr/local/lib/node_modules/.staging/ios-deploy-fbfd9f76b9a8909271fae167aab47715 is being purged from base /usr/local
83 verbose gentlyRm don't care about contents; nuking /usr/local/lib/node_modules/.staging/ios-deploy-fbfd9f76b9a8909271fae167aab47715
84 verbose tar unpack /Users/leo/.npm/ios-deploy/1.7.0/package.tgz
85 verbose tar unpacking to /usr/local/lib/node_modules/.staging/ios-deploy-fbfd9f76b9a8909271fae167aab47715
86 silly gentlyRm /usr/local/lib/node_modules/.staging/ios-deploy-fbfd9f76b9a8909271fae167aab47715 is being purged
87 verbose gentlyRm don't care about contents; nuking /usr/local/lib/node_modules/.staging/ios-deploy-fbfd9f76b9a8909271fae167aab47715
88 silly gunzTarPerm modes [ '755', '644' ]
89 silly gunzTarPerm extractEntry package.json
90 silly gunzTarPerm extractEntry .npmignore
91 silly gunzTarPerm extractEntry README.md
92 silly gunzTarPerm extractEntry LICENSE
93 silly gunzTarPerm extractEntry ResourceRules.plist
94 silly gunzTarPerm extractEntry Makefile
95 silly gunzTarPerm extractEntry MobileDevice.h
96 silly gunzTarPerm extractEntry CONTRIBUTING.md
97 silly gunzTarPerm extractEntry Info.plist
98 silly gunzTarPerm extractEntry demo.c
99 silly gunzTarPerm extractEntry errors.h
100 silly gunzTarPerm extractEntry ios-deploy.c
101 silly gunzTarPerm extractEntry Entitlements.plist
102 silly gunzTarPerm extractEntry resources/buildbox/build.sh
103 silly doParallel preinstall 1
104 silly preinstall ios-deploy /usr/local/lib/node_modules/.staging/ios-deploy-fbfd9f76b9a8909271fae167aab47715
105 info lifecycle ios-deploy@1.7.0~preinstall: ios-deploy@1.7.0
106 warn lifecycle ios-deploy@1.7.0~preinstall: cannot run in wd %s %s (wd=%s) ios-deploy@1.7.0 make ios-deploy /usr/local/lib/node_modules/.staging/ios-deploy-fbfd9f76b9a8909271fae167aab47715
107 silly doReverseSerial remove 0
108 silly doSerial move 0
109 silly doSerial finalize 1
110 silly finalize /usr/local/lib/node_modules/ios-deploy
111 silly doSerial build 1
112 silly build ios-deploy
113 info linkStuff ios-deploy@1.7.0
114 silly linkStuff ios-deploy@1.7.0 has /usr/local/lib/node_modules as its parent node_modules
115 silly linkStuff ios-deploy@1.7.0 is part of a global install
116 silly linkStuff ios-deploy@1.7.0 is installed into a global node_modules
117 silly linkStuff ios-deploy@1.7.0 is installed into the top-level global node_modules
118 verbose linkBins ios-deploy@1.7.0
119 verbose link bins [ { 'ios-deploy': './ios-deploy' }, '/usr/local/bin', true ]
120 verbose linkMans ios-deploy@1.7.0
121 verbose rebuildBundles ios-deploy@1.7.0
122 verbose unlock done using /Users/leo/.npm/_locks/staging-3a08f0df5026584d.lock for /usr/local/lib/node_modules/.staging
123 silly rollbackFailedOptional Starting
124 silly rollbackFailedOptional Finishing
125 silly runTopLevelLifecycles Starting
126 silly runTopLevelLifecycles Finishing
127 silly install printInstalled
128 verbose stack Error: ENOENT, chmod '/usr/local/lib/node_modules/ios-deploy/ios-deploy'
128 verbose stack     at Error (native)
129 verbose cwd /Users/leo/workspace/fabapp/base-ionic-project
130 error Darwin 15.0.0
131 error argv "node" "/usr/local/bin/npm" "install" "-g" "ios-deploy@1.7.0"
132 error node v0.12.4
133 error npm  v3.3.5
134 error path /usr/local/lib/node_modules/ios-deploy/ios-deploy
135 error code ENOENT
136 error errno -2
137 error enoent ENOENT, chmod '/usr/local/lib/node_modules/ios-deploy/ios-deploy'
137 error enoent This is most likely not a problem with npm itself
137 error enoent and is related to npm not being able to find a file.
138 verbose exit [ -2, true ]
